#
# There is insufficient memory for the Java Runtime Environment to continue.
# Native memory allocation (malloc) failed to allocate 1239184 bytes for Chunk::new
# Possible reasons:
#   The system is out of physical RAM or swap space
#   The process is running with CompressedOops enabled, and the Java Heap may be blocking the growth of the native heap
# Possible solutions:
#   Reduce memory load on the system
#   Increase physical memory or swap space
#   Check if swap backing store is full
#   Decrease Java heap size (-Xmx/-Xms)
#   Decrease number of Java threads
#   Decrease Java thread stack sizes (-Xss)
#   Set larger code cache with -XX:ReservedCodeCacheSize=
#   JVM is running with Unscaled Compressed Oops mode in which the Java heap is
#     placed in the first 4GB address space. The Java Heap base address is the
#     maximum limit for the native heap growth. Please use -XX:HeapBaseMinAddress
#     to set the Java Heap base and to place the Java Heap above 4GB virtual address.
# This output file may be truncated or incomplete.
#
#  Out of Memory Error (allocation.cpp:389), pid=6440, tid=0x000000000000974c
#
# JRE version: OpenJDK Runtime Environment (8.0_242-b01) (build 1.8.0_242-release-1644-b01)
# Java VM: OpenJDK 64-Bit Server VM (25.242-b01 mixed mode windows-amd64 compressed oops)
# Failed to write core dump. Minidumps are not enabled by default on client versions of Windows
#

---------------  T H R E A D  ---------------

Current thread (0x00000000162d8800):  JavaThread "C2 CompilerThread0" daemon [_thread_in_native, id=38732, stack(0x0000000019010000,0x0000000019110000)]

Stack: [0x0000000019010000,0x0000000019110000]
[error occurred during error reporting (printing stack bounds), id 0xc0000005]

Native frames: (J=compiled Java code, j=interpreted, Vv=VM code, C=native code)


Current CompileTask:
C2:   5489 4504 %     4       groovy.lang.MetaClassImpl::inheritInterfaceNewMetaMethods @ 104 (199 bytes)


---------------  P R O C E S S  ---------------

Java Threads: ( => current thread )
  0x0000000020dfe000 JavaThread "Cache worker for file content cache (D:\Desenvolvimento\sources\wesomma\android\.gradle\5.6.2\fileContent)" [_thread_blocked, id=33880, stack(0x0000000024dc0000,0x0000000024ec0000)]
  0x0000000020dfd800 JavaThread "Cache worker for file content cache (C:\Users\Rodrigo\.gradle\caches\5.6.2\fileContent)" [_thread_blocked, id=4148, stack(0x0000000024cc0000,0x0000000024dc0000)]
  0x000000001ea46000 JavaThread "Memory manager" [_thread_blocked, id=33460, stack(0x00000000249c0000,0x0000000024ac0000)]
  0x000000001ea3f800 JavaThread "Cache worker for Build Output Cleanup Cache (D:\Desenvolvimento\sources\wesomma\android\.gradle\buildOutputCleanup)" [_thread_blocked, id=20188, stack(0x0000000022c30000,0x0000000022d30000)]
  0x000000001ea42800 JavaThread "Build operations Thread 12" [_thread_blocked, id=19220, stack(0x0000000022530000,0x0000000022630000)]
  0x000000001ea42000 JavaThread "Build operations Thread 11" [_thread_blocked, id=35036, stack(0x0000000022430000,0x0000000022530000)]
  0x000000001ea41000 JavaThread "Build operations Thread 10" [_thread_blocked, id=30012, stack(0x0000000022330000,0x0000000022430000)]
  0x000000001ea3f000 JavaThread "Build operations Thread 9" [_thread_blocked, id=33952, stack(0x0000000022230000,0x0000000022330000)]
  0x000000001ea40800 JavaThread "Build operations Thread 8" [_thread_blocked, id=34324, stack(0x0000000022130000,0x0000000022230000)]
  0x000000001ea3b000 JavaThread "Build operations Thread 7" [_thread_blocked, id=27460, stack(0x0000000022030000,0x0000000022130000)]
  0x000000001ea3e000 JavaThread "Build operations Thread 6" [_thread_blocked, id=30728, stack(0x0000000021f30000,0x0000000022030000)]
  0x000000001ea37800 JavaThread "Build operations Thread 5" [_thread_blocked, id=34032, stack(0x0000000021e30000,0x0000000021f30000)]
  0x000000001ea36800 JavaThread "Build operations Thread 4" [_thread_blocked, id=22524, stack(0x0000000021d30000,0x0000000021e30000)]
  0x000000001ea3a800 JavaThread "Build operations Thread 3" [_thread_blocked, id=33444, stack(0x0000000021c30000,0x0000000021d30000)]
  0x000000001ea39800 JavaThread "Build operations Thread 2" [_thread_blocked, id=7104, stack(0x0000000021b30000,0x0000000021c30000)]
  0x000000001ea3d800 JavaThread "Build operations" [_thread_blocked, id=10800, stack(0x0000000021a30000,0x0000000021b30000)]
  0x000000001ea38000 JavaThread "Cache worker for execution history cache (C:\Users\Rodrigo\.gradle\caches\5.6.2\executionHistory)" [_thread_blocked, id=37236, stack(0x0000000021530000,0x0000000021630000)]
  0x000000001b24e800 JavaThread "Cache worker for cache directory md-rule (C:\Users\Rodrigo\.gradle\caches\5.6.2\md-rule)" [_thread_blocked, id=26356, stack(0x0000000021430000,0x0000000021530000)]
  0x000000001b24e000 JavaThread "Cache worker for cache directory md-supplier (C:\Users\Rodrigo\.gradle\caches\5.6.2\md-supplier)" [_thread_blocked, id=30348, stack(0x000000001f7f0000,0x000000001f8f0000)]
  0x000000001b252800 JavaThread "Cache worker for file hash cache (D:\Desenvolvimento\sources\wesomma\android\.gradle\5.6.2\fileHashes)" [_thread_blocked, id=33388, stack(0x000000001f960000,0x000000001fa60000)]
  0x000000001b253000 JavaThread "Cache worker for journal cache (C:\Users\Rodrigo\.gradle\caches\journal-1)" [_thread_blocked, id=32928, stack(0x000000001d350000,0x000000001d450000)]
  0x000000001b251800 JavaThread "File lock request listener" [_thread_in_native, id=30988, stack(0x000000001d250000,0x000000001d350000)]
  0x000000001b276800 JavaThread "Cache worker for file hash cache (C:\Users\Rodrigo\.gradle\caches\5.6.2\fileHashes)" [_thread_blocked, id=34880, stack(0x000000001d150000,0x000000001d250000)]
  0x000000001b14d800 JavaThread "Thread-9" [_thread_blocked, id=29004, stack(0x000000001d050000,0x000000001d150000)]
  0x000000001b14a000 JavaThread "Stdin handler" [_thread_blocked, id=20788, stack(0x000000001cf50000,0x000000001d050000)]
  0x000000001b147000 JavaThread "Asynchronous log dispatcher for DefaultDaemonConnection: socket connection from /127.0.0.1:60189 to /127.0.0.1:60190" [_thread_blocked, id=8512, stack(0x000000001ce50000,0x000000001cf50000)]
  0x000000001b143000 JavaThread "Daemon worker" [_thread_in_native, id=31628, stack(0x000000001cd50000,0x000000001ce50000)]
  0x000000001b141000 JavaThread "Cancel handler" [_thread_blocked, id=9328, stack(0x000000001cb50000,0x000000001cc50000)]
  0x000000001b13c800 JavaThread "Handler for socket connection from /127.0.0.1:60189 to /127.0.0.1:60190" [_thread_in_native, id=32464, stack(0x000000001c850000,0x000000001c950000)]
  0x000000001b137800 JavaThread "Daemon" [_thread_blocked, id=1244, stack(0x000000001c750000,0x000000001c850000)]
  0x000000001b0d0800 JavaThread "Daemon periodic checks" [_thread_blocked, id=16588, stack(0x000000001c650000,0x000000001c750000)]
  0x000000001b0bd800 JavaThread "Incoming local TCP Connector on port 60189" [_thread_in_native, id=32092, stack(0x000000001c3f0000,0x000000001c4f0000)]
  0x000000001afef800 JavaThread "Daemon health stats" [_thread_blocked, id=17676, stack(0x000000001bdb0000,0x000000001beb0000)]
  0x0000000017a49000 JavaThread "Service Thread" daemon [_thread_blocked, id=38860, stack(0x0000000019410000,0x0000000019510000)]
  0x00000000179c9000 JavaThread "C1 CompilerThread3" daemon [_thread_blocked, id=31844, stack(0x0000000019310000,0x0000000019410000)]
  0x00000000179c8000 JavaThread "C2 CompilerThread2" daemon [_thread_in_native, id=35488, stack(0x0000000019210000,0x0000000019310000)]
  0x00000000179c2000 JavaThread "C2 CompilerThread1" daemon [_thread_in_native, id=34260, stack(0x0000000019110000,0x0000000019210000)]
=>0x00000000162d8800 JavaThread "C2 CompilerThread0" daemon [_thread_in_native, id=38732, stack(0x0000000019010000,0x0000000019110000)]
  0x00000000179bb800 JavaThread "Attach Listener" daemon [_thread_blocked, id=31480, stack(0x0000000018f10000,0x0000000019010000)]
  0x00000000179ba000 JavaThread "Signal Dispatcher" daemon [_thread_blocked, id=33540, stack(0x0000000018e10000,0x0000000018f10000)]
  0x00000000162d1800 JavaThread "Finalizer" daemon [_thread_blocked, id=36008, stack(0x0000000018c00000,0x0000000018d00000)]
  0x00000000179a3000 JavaThread "Reference Handler" daemon [_thread_blocked, id=37336, stack(0x0000000018b00000,0x0000000018c00000)]
  0x0000000002212800 JavaThread "main" [_thread_blocked, id=9880, stack(0x0000000002110000,0x0000000002210000)]

Other Threads:
  0x0000000017982000 VMThread [stack: 0x0000000018a00000,0x0000000018b00000] [id=31364]
  0x0000000017a4a800 WatcherThread [stack: 0x0000000019510000,0x0000000019610000] [id=31764]

VM state:not at safepoint (normal execution)

VM Mutex/Monitor currently owned by a thread: None

heap address: 0x00000000a0000000, size: 1536 MB, Compressed Oops mode: 32-bit
Narrow klass base: 0x0000000000000000, Narrow klass shift: 3
Compressed class space size: 1073741824 Address: 0x0000000100000000

Heap:
 PSYoungGen      total 130560K, used 20884K [0x00000000e0000000, 0x00000000ea000000, 0x0000000100000000)
  eden space 109568K, 19% used [0x00000000e0000000,0x00000000e1465168,0x00000000e6b00000)
  from space 20992K, 0% used [0x00000000e8200000,0x00000000e8200000,0x00000000e9680000)
  to   space 23552K, 0% used [0x00000000e6b00000,0x00000000e6b00000,0x00000000e8200000)
 ParOldGen       total 189952K, used 35807K [0x00000000a0000000, 0x00000000ab980000, 0x00000000e0000000)
  object space 189952K, 18% used [0x00000000a0000000,0x00000000a22f7dd0,0x00000000ab980000)
 Metaspace       used 58412K, capacity 60356K, committed 60504K, reserved 1101824K
  class space    used 8019K, capacity 8557K, committed 8576K, reserved 1048576K

Card table byte_map: [0x00000000116d0000,0x00000000119e0000] byte_map_base: 0x00000000111d0000

Marking Bits: (ParMarkBitMap*) 0x000000005b2df030
 Begin Bits: [0x00000000125e0000, 0x0000000013de0000)
 End Bits:   [0x0000000013de0000, 0x00000000155e0000)

Polling page: 0x00000000001e0000

CodeCache: size=245760Kb used=17249Kb max_used=19617Kb free=228510Kb
 bounds [0x0000000002310000, 0x0000000003650000, 0x0000000011310000]
 total_blobs=5877 nmethods=5082 adapters=709
 compilation: enabled

Compilation events (10 events):
Event: 5.461 Thread 0x00000000179c9000 5685       3       java.util.TreeSet::iterator (15 bytes)
Event: 5.461 Thread 0x00000000179c9000 nmethod 5685 0x0000000002978d90 code [0x0000000002978f00, 0x00000000029791d8]
Event: 5.462 Thread 0x00000000179c9000 5687       3       com.sun.xml.bind.v2.model.impl.FieldPropertySeed::hasAnnotation (18 bytes)
Event: 5.462 Thread 0x00000000179c9000 nmethod 5687 0x00000000024f1350 code [0x00000000024f14c0, 0x00000000024f17c8]
Event: 5.462 Thread 0x00000000179c9000 5688       3       com.sun.xml.bind.v2.model.annotation.RuntimeInlineAnnotationReader::hasClassAnnotation (10 bytes)
Event: 5.463 Thread 0x00000000179c9000 nmethod 5688 0x0000000002df1ed0 code [0x0000000002df20a0, 0x0000000002df2928]
Event: 5.463 Thread 0x00000000179c9000 5690       3       com.sun.xml.bind.v2.model.nav.ReflectionNavigator::asDecl (6 bytes)
Event: 5.463 Thread 0x00000000179c9000 nmethod 5690 0x0000000002547390 code [0x00000000025474e0, 0x0000000002547710]
Event: 5.463 Thread 0x00000000179c9000 5689       3       com.sun.xml.bind.v2.model.annotation.RuntimeInlineAnnotationReader::hasClassAnnotation (6 bytes)
Event: 5.463 Thread 0x00000000179c9000 nmethod 5689 0x0000000002f9a110 code [0x0000000002f9a2e0, 0x0000000002f9a988]

GC Heap History (10 events):
Event: 3.540 GC heap before
{Heap before GC invocations=9 (full 2):
 PSYoungGen      total 110080K, used 97280K [0x00000000e0000000, 0x00000000e7a80000, 0x0000000100000000)
  eden space 97280K, 100% used [0x00000000e0000000,0x00000000e5f00000,0x00000000e5f00000)
  from space 12800K, 0% used [0x00000000e6c00000,0x00000000e6c00000,0x00000000e7880000)
  to   space 13312K, 0% used [0x00000000e5f00000,0x00000000e5f00000,0x00000000e6c00000)
 ParOldGen       total 189952K, used 17534K [0x00000000a0000000, 0x00000000ab980000, 0x00000000e0000000)
  object space 189952K, 9% used [0x00000000a0000000,0x00000000a111fbd8,0x00000000ab980000)
 Metaspace       used 44065K, capacity 45150K, committed 45656K, reserved 1089536K
  class space    used 5895K, capacity 6216K, committed 6272K, reserved 1048576K
Event: 3.546 GC heap after
Heap after GC invocations=9 (full 2):
 PSYoungGen      total 110592K, used 13307K [0x00000000e0000000, 0x00000000e7a80000, 0x0000000100000000)
  eden space 97280K, 0% used [0x00000000e0000000,0x00000000e0000000,0x00000000e5f00000)
  from space 13312K, 99% used [0x00000000e5f00000,0x00000000e6bfed48,0x00000000e6c00000)
  to   space 12800K, 0% used [0x00000000e6c00000,0x00000000e6c00000,0x00000000e7880000)
 ParOldGen       total 189952K, used 17801K [0x00000000a0000000, 0x00000000ab980000, 0x00000000e0000000)
  object space 189952K, 9% used [0x00000000a0000000,0x00000000a11625f0,0x00000000ab980000)
 Metaspace       used 44065K, capacity 45150K, committed 45656K, reserved 1089536K
  class space    used 5895K, capacity 6216K, committed 6272K, reserved 1048576K
}
Event: 4.129 GC heap before
{Heap before GC invocations=10 (full 2):
 PSYoungGen      total 110592K, used 110587K [0x00000000e0000000, 0x00000000e7a80000, 0x0000000100000000)
  eden space 97280K, 100% used [0x00000000e0000000,0x00000000e5f00000,0x00000000e5f00000)
  from space 13312K, 99% used [0x00000000e5f00000,0x00000000e6bfed48,0x00000000e6c00000)
  to   space 12800K, 0% used [0x00000000e6c00000,0x00000000e6c00000,0x00000000e7880000)
 ParOldGen       total 189952K, used 17801K [0x00000000a0000000, 0x00000000ab980000, 0x00000000e0000000)
  object space 189952K, 9% used [0x00000000a0000000,0x00000000a11625f0,0x00000000ab980000)
 Metaspace       used 48919K, capacity 50388K, committed 50520K, reserved 1093632K
  class space    used 6572K, capacity 6954K, committed 7040K, reserved 1048576K
Event: 4.135 GC heap after
Heap after GC invocations=10 (full 2):
 PSYoungGen      total 106496K, used 12786K [0x00000000e0000000, 0x00000000e9d00000, 0x0000000100000000)
  eden space 93696K, 0% used [0x00000000e0000000,0x00000000e0000000,0x00000000e5b80000)
  from space 12800K, 99% used [0x00000000e6c00000,0x00000000e787cbb0,0x00000000e7880000)
  to   space 16896K, 0% used [0x00000000e5b80000,0x00000000e5b80000,0x00000000e6c00000)
 ParOldGen       total 189952K, used 20263K [0x00000000a0000000, 0x00000000ab980000, 0x00000000e0000000)
  object space 189952K, 10% used [0x00000000a0000000,0x00000000a13c9c58,0x00000000ab980000)
 Metaspace       used 48919K, capacity 50388K, committed 50520K, reserved 1093632K
  class space    used 6572K, capacity 6954K, committed 7040K, reserved 1048576K
}
Event: 4.881 GC heap before
{Heap before GC invocations=11 (full 2):
 PSYoungGen      total 106496K, used 106482K [0x00000000e0000000, 0x00000000e9d00000, 0x0000000100000000)
  eden space 93696K, 100% used [0x00000000e0000000,0x00000000e5b80000,0x00000000e5b80000)
  from space 12800K, 99% used [0x00000000e6c00000,0x00000000e787cbb0,0x00000000e7880000)
  to   space 16896K, 0% used [0x00000000e5b80000,0x00000000e5b80000,0x00000000e6c00000)
 ParOldGen       total 189952K, used 20263K [0x00000000a0000000, 0x00000000ab980000, 0x00000000e0000000)
  object space 189952K, 10% used [0x00000000a0000000,0x00000000a13c9c58,0x00000000ab980000)
 Metaspace       used 55313K, capacity 57192K, committed 57432K, reserved 1099776K
  class space    used 7496K, capacity 7968K, committed 8064K, reserved 1048576K
Event: 4.893 GC heap after
Heap after GC invocations=11 (full 2):
 PSYoungGen      total 110592K, used 16866K [0x00000000e0000000, 0x00000000e9680000, 0x0000000100000000)
  eden space 93696K, 0% used [0x00000000e0000000,0x00000000e0000000,0x00000000e5b80000)
  from space 16896K, 99% used [0x00000000e5b80000,0x00000000e6bf8aa8,0x00000000e6c00000)
  to   space 20992K, 0% used [0x00000000e8200000,0x00000000e8200000,0x00000000e9680000)
 ParOldGen       total 189952K, used 25240K [0x00000000a0000000, 0x00000000ab980000, 0x00000000e0000000)
  object space 189952K, 13% used [0x00000000a0000000,0x00000000a18a6148,0x00000000ab980000)
 Metaspace       used 55313K, capacity 57192K, committed 57432K, reserved 1099776K
  class space    used 7496K, capacity 7968K, committed 8064K, reserved 1048576K
}
Event: 5.196 GC heap before
{Heap before GC invocations=12 (full 2):
 PSYoungGen      total 110592K, used 80956K [0x00000000e0000000, 0x00000000e9680000, 0x0000000100000000)
  eden space 93696K, 68% used [0x00000000e0000000,0x00000000e3e96708,0x00000000e5b80000)
  from space 16896K, 99% used [0x00000000e5b80000,0x00000000e6bf8aa8,0x00000000e6c00000)
  to   space 20992K, 0% used [0x00000000e8200000,0x00000000e8200000,0x00000000e9680000)
 ParOldGen       total 189952K, used 25240K [0x00000000a0000000, 0x00000000ab980000, 0x00000000e0000000)
  object space 189952K, 13% used [0x00000000a0000000,0x00000000a18a6148,0x00000000ab980000)
 Metaspace       used 57124K, capacity 58934K, committed 58968K, reserved 1099776K
  class space    used 7790K, capacity 8288K, committed 8320K, reserved 1048576K
Event: 5.207 GC heap after
Heap after GC invocations=12 (full 2):
 PSYoungGen      total 130560K, used 20976K [0x00000000e0000000, 0x00000000ea000000, 0x0000000100000000)
  eden space 109568K, 0% used [0x00000000e0000000,0x00000000e0000000,0x00000000e6b00000)
  from space 20992K, 99% used [0x00000000e8200000,0x00000000e967c130,0x00000000e9680000)
  to   space 23552K, 0% used [0x00000000e6b00000,0x00000000e6b00000,0x00000000e8200000)
 ParOldGen       total 189952K, used 26074K [0x00000000a0000000, 0x00000000ab980000, 0x00000000e0000000)
  object space 189952K, 13% used [0x00000000a0000000,0x00000000a1976b10,0x00000000ab980000)
 Metaspace       used 57124K, capacity 58934K, committed 58968K, reserved 1099776K
  class space    used 7790K, capacity 8288K, committed 8320K, reserved 1048576K
}
Event: 5.207 GC heap before
{Heap before GC invocations=13 (full 3):
 PSYoungGen      total 130560K, used 20976K [0x00000000e0000000, 0x00000000ea000000, 0x0000000100000000)
  eden space 109568K, 0% used [0x00000000e0000000,0x00000000e0000000,0x00000000e6b00000)
  from space 20992K, 99% used [0x00000000e8200000,0x00000000e967c130,0x00000000e9680000)
  to   space 23552K, 0% used [0x00000000e6b00000,0x00000000e6b00000,0x00000000e8200000)
 ParOldGen       total 189952K, used 26074K [0x00000000a0000000, 0x00000000ab980000, 0x00000000e0000000)
  object space 189952K, 13% used [0x00000000a0000000,0x00000000a1976b10,0x00000000ab980000)
 Metaspace       used 57124K, capacity 58934K, committed 58968K, reserved 1099776K
  class space    used 7790K, capacity 8288K, committed 8320K, reserved 1048576K
Event: 5.358 GC heap after
Heap after GC invocations=13 (full 3):
 PSYoungGen      total 130560K, used 0K [0x00000000e0000000, 0x00000000ea000000, 0x0000000100000000)
  eden space 109568K, 0% used [0x00000000e0000000,0x00000000e0000000,0x00000000e6b00000)
  from space 20992K, 0% used [0x00000000e8200000,0x00000000e8200000,0x00000000e9680000)
  to   space 23552K, 0% used [0x00000000e6b00000,0x00000000e6b00000,0x00000000e8200000)
 ParOldGen       total 189952K, used 35807K [0x00000000a0000000, 0x00000000ab980000, 0x00000000e0000000)
  object space 189952K, 18% used [0x00000000a0000000,0x00000000a22f7dd0,0x00000000ab980000)
 Metaspace       used 57124K, capacity 58934K, committed 58968K, reserved 1099776K
  class space    used 7790K, capacity 8288K, committed 8320K, reserved 1048576K
}

Deoptimization events (10 events):
Event: 4.917 Thread 0x000000001b143000 Uncommon trap: reason=bimorphic action=maybe_recompile pc=0x0000000002ef587c method=java.util.Arrays.binarySearch0([Ljava/lang/Object;IILjava/lang/Object;Ljava/util/Comparator;)I @ 48
Event: 4.917 Thread 0x000000001b143000 Uncommon trap: reason=bimorphic action=maybe_recompile pc=0x0000000002ef587c method=java.util.Arrays.binarySearch0([Ljava/lang/Object;IILjava/lang/Object;Ljava/util/Comparator;)I @ 48
Event: 4.917 Thread 0x000000001b143000 Uncommon trap: reason=bimorphic action=maybe_recompile pc=0x0000000002ef587c method=java.util.Arrays.binarySearch0([Ljava/lang/Object;IILjava/lang/Object;Ljava/util/Comparator;)I @ 48
Event: 5.098 Thread 0x000000001b143000 Uncommon trap: reason=unstable_if action=reinterpret pc=0x0000000002d22700 method=com.esotericsoftware.kryo.io.Input.require(I)I @ 65
Event: 5.111 Thread 0x000000001b143000 Uncommon trap: reason=unstable_if action=reinterpret pc=0x0000000003090aa4 method=java.util.TreeMap.put(Ljava/lang/Object;Ljava/lang/Object;)Ljava/lang/Object; @ 163
Event: 5.156 Thread 0x000000001b143000 Uncommon trap: reason=bimorphic action=maybe_recompile pc=0x000000000312dfc0 method=java.util.regex.Pattern$5.isSatisfiedBy(I)Z @ 16
Event: 5.156 Thread 0x000000001b143000 Uncommon trap: reason=bimorphic action=maybe_recompile pc=0x000000000312dfc0 method=java.util.regex.Pattern$5.isSatisfiedBy(I)Z @ 16
Event: 5.156 Thread 0x000000001b143000 Uncommon trap: reason=bimorphic action=maybe_recompile pc=0x000000000312dfc0 method=java.util.regex.Pattern$5.isSatisfiedBy(I)Z @ 16
Event: 5.156 Thread 0x000000001b143000 Uncommon trap: reason=bimorphic action=maybe_recompile pc=0x000000000312dfc0 method=java.util.regex.Pattern$5.isSatisfiedBy(I)Z @ 16
Event: 5.359 Thread 0x00000000162d1800 Uncommon trap: reason=unstable_if action=reinterpret pc=0x0000000002928a68 method=java.lang.ref.Finalizer.remove()V @ 10

Classes redefined (0 events):
No events

Internal exceptions (10 events):
Event: 5.089 Thread 0x000000001b143000 Exception <a 'java/lang/ClassNotFoundException': org/gradle/api/tasks/DeleteBeanInfo> (0x00000000e2e272d8) thrown at [C:\src\AOSP-openjdk-git\hotspot\src\share\vm\classfile\systemDictionary.cpp, line 210]
Event: 5.090 Thread 0x000000001b143000 Exception <a 'java/lang/ClassNotFoundException': org/gradle/api/tasks/DeleteCustomizer> (0x00000000e2e56240) thrown at [C:\src\AOSP-openjdk-git\hotspot\src\share\vm\classfile\systemDictionary.cpp, line 210]
Event: 5.090 Thread 0x000000001b143000 Exception <a 'java/lang/ClassNotFoundException': org/gradle/api/tasks/Delete_DecoratedCustomizer> (0x00000000e2ea4738) thrown at [C:\src\AOSP-openjdk-git\hotspot\src\share\vm\classfile\systemDictionary.cpp, line 210]
Event: 5.126 Thread 0x000000001b143000 Exception <a 'java/lang/NoSuchMethodError': java.lang.Object.lambda$static$0(Ljava/util/Set;Ljava/util/Set;)Z> (0x00000000e343cb98) thrown at [C:\src\AOSP-openjdk-git\hotspot\src\share\vm\interpreter\linkResolver.cpp, line 620]
Event: 5.127 Thread 0x000000001b143000 Exception <a 'java/lang/NoSuchMethodError': java.lang.Object.lambda$static$1(Ljava/util/Set;Ljava/util/Set;)Z> (0x00000000e343fb08) thrown at [C:\src\AOSP-openjdk-git\hotspot\src\share\vm\interpreter\linkResolver.cpp, line 620]
Event: 5.127 Thread 0x000000001b143000 Exception <a 'java/lang/NoSuchMethodError': java.lang.Object.lambda$static$2(Ljava/util/Set;Ljava/util/Set;)Z> (0x00000000e3442648) thrown at [C:\src\AOSP-openjdk-git\hotspot\src\share\vm\interpreter\linkResolver.cpp, line 620]
Event: 5.127 Thread 0x000000001b143000 Exception <a 'java/lang/NoSuchMethodError': java.lang.Object.lambda$static$3(Ljava/util/Set;Ljava/util/Set;)Z> (0x00000000e3445188) thrown at [C:\src\AOSP-openjdk-git\hotspot\src\share\vm\interpreter\linkResolver.cpp, line 620]
Event: 5.127 Thread 0x000000001b143000 Exception <a 'java/lang/NoSuchMethodError': java.lang.Object.lambda$static$4(Ljava/util/Set;Ljava/util/Set;)Z> (0x00000000e3447cc8) thrown at [C:\src\AOSP-openjdk-git\hotspot\src\share\vm\interpreter\linkResolver.cpp, line 620]
Event: 5.176 Thread 0x000000001b143000 Exception <a 'java/lang/ClassNotFoundException': com/sun/org/glassfish/hk2/osgiresourcelocator/ServiceLoader> (0x00000000e3a591b8) thrown at [C:\src\AOSP-openjdk-git\hotspot\src\share\vm\classfile\systemDictionary.cpp, line 210]
Event: 5.381 Thread 0x000000001b143000 Exception <a 'java/lang/NullPointerException'> (0x00000000e02bee38) thrown at [C:\src\AOSP-openjdk-git\hotspot\src\share\vm\interpreter\linkResolver.cpp, line 1287]

Events (10 events):
Event: 5.483 loading class com/sun/xml/bind/v2/bytecode/ClassTailor
Event: 5.483 loading class com/sun/xml/bind/v2/bytecode/ClassTailor done
Event: 5.484 loading class com/sun/xml/bind/v2/runtime/reflect/opt/Bean
Event: 5.484 loading class com/sun/xml/bind/v2/runtime/reflect/opt/Bean done
Event: 5.484 loading class com/sun/xml/bind/v2/runtime/reflect/opt/AccessorInjector
Event: 5.484 loading class com/sun/xml/bind/v2/runtime/reflect/opt/AccessorInjector done
Event: 5.485 loading class com/sun/xml/bind/v2/runtime/reflect/opt/SecureLoader
Event: 5.485 loading class com/sun/xml/bind/v2/runtime/reflect/opt/SecureLoader done
Event: 5.485 loading class com/sun/xml/bind/v2/runtime/reflect/opt/Injector
Event: 5.485 loading class com/sun/xml/bind/v2/runtime/reflect/opt/Injector done


Dynamic libraries:
0x00007ff7606b0000 - 0x00007ff7606e1000 	D:\Desenvolvimento\tool\ide\android studio\jre\bin\java.exe
0x00007ffe24180000 - 0x00007ffe24370000 	C:\Windows\SYSTEM32\ntdll.dll
0x00007ffe001f0000 - 0x00007ffe00202000 	C:\Program Files\Avast Software\Avast\aswhook.dll
0x00007ffe24050000 - 0x00007ffe24102000 	C:\Windows\System32\KERNEL32.DLL
0x00007ffe21330000 - 0x00007ffe215d5000 	C:\Windows\System32\KERNELBASE.dll
0x00007ffe22230000 - 0x00007ffe222d3000 	C:\Windows\System32\ADVAPI32.dll
0x00007ffe22670000 - 0x00007ffe2270e000 	C:\Windows\System32\msvcrt.dll
0x00007ffe222e0000 - 0x00007ffe22377000 	C:\Windows\System32\sechost.dll
0x00007ffe230d0000 - 0x00007ffe231ef000 	C:\Windows\System32\RPCRT4.dll
0x00007ffe23a10000 - 0x00007ffe23ba4000 	C:\Windows\System32\USER32.dll
0x00007ffe21fb0000 - 0x00007ffe21fd1000 	C:\Windows\System32\win32u.dll
0x00007ffe231f0000 - 0x00007ffe23216000 	C:\Windows\System32\GDI32.dll
0x00007ffe21e10000 - 0x00007ffe21fa8000 	C:\Windows\System32\gdi32full.dll
0x00007ffe21290000 - 0x00007ffe2132e000 	C:\Windows\System32\msvcp_win.dll
0x00007ffe22130000 - 0x00007ffe2222a000 	C:\Windows\System32\ucrtbase.dll
0x00007ffe10a70000 - 0x00007ffe10cf4000 	C:\Windows\WinSxS\amd64_microsoft.windows.common-controls_6595b64144ccf1df_6.0.18362.1379_none_9e7ff3b3e45cc0c4\COMCTL32.dll
0x00007ffe23bb0000 - 0x00007ffe23ee7000 	C:\Windows\System32\combase.dll
0x00007ffe21d80000 - 0x00007ffe21e01000 	C:\Windows\System32\bcryptPrimitives.dll
0x00007ffe24110000 - 0x00007ffe2413e000 	C:\Windows\System32\IMM32.DLL
0x000000005de10000 - 0x000000005dee2000 	D:\Desenvolvimento\tool\ide\android studio\jre\jre\bin\msvcr100.dll
0x000000005ab10000 - 0x000000005b35b000 	D:\Desenvolvimento\tool\ide\android studio\jre\jre\bin\server\jvm.dll
0x00007ffe23f70000 - 0x00007ffe23f78000 	C:\Windows\System32\PSAPI.DLL
0x00007ffe13b80000 - 0x00007ffe13b89000 	C:\Windows\SYSTEM32\WSOCK32.dll
0x00007ffe237e0000 - 0x00007ffe2384f000 	C:\Windows\System32\WS2_32.dll
0x00007ffe1f1e0000 - 0x00007ffe1f204000 	C:\Windows\SYSTEM32\WINMM.dll
0x00007ffe1a330000 - 0x00007ffe1a33a000 	C:\Windows\SYSTEM32\VERSION.dll
0x00007ffe1f1b0000 - 0x00007ffe1f1dd000 	C:\Windows\SYSTEM32\WINMMBASE.dll
0x00007ffe21210000 - 0x00007ffe2125a000 	C:\Windows\System32\cfgmgr32.dll
0x00007ffe14eb0000 - 0x00007ffe14ebf000 	D:\Desenvolvimento\tool\ide\android studio\jre\jre\bin\verify.dll
0x00007ffe10310000 - 0x00007ffe10339000 	D:\Desenvolvimento\tool\ide\android studio\jre\jre\bin\java.dll
0x00007ffe14e90000 - 0x00007ffe14ea6000 	D:\Desenvolvimento\tool\ide\android studio\jre\jre\bin\zip.dll
0x00007ffe22710000 - 0x00007ffe22df8000 	C:\Windows\System32\SHELL32.dll
0x00007ffe23020000 - 0x00007ffe230c7000 	C:\Windows\System32\shcore.dll
0x00007ffe215e0000 - 0x00007ffe21d5b000 	C:\Windows\System32\windows.storage.dll
0x00007ffe210d0000 - 0x00007ffe210f3000 	C:\Windows\System32\profapi.dll
0x00007ffe21060000 - 0x00007ffe210aa000 	C:\Windows\System32\powrprof.dll
0x00007ffe21030000 - 0x00007ffe21040000 	C:\Windows\System32\UMPDC.dll
0x00007ffe22400000 - 0x00007ffe22452000 	C:\Windows\System32\shlwapi.dll
0x00007ffe210b0000 - 0x00007ffe210c1000 	C:\Windows\System32\kernel.appcore.dll
0x00007ffe21d60000 - 0x00007ffe21d77000 	C:\Windows\System32\cryptsp.dll
0x00007ffe14d50000 - 0x00007ffe14d6a000 	D:\Desenvolvimento\tool\ide\android studio\jre\jre\bin\net.dll
0x00007ffe207c0000 - 0x00007ffe20827000 	C:\Windows\system32\mswsock.dll
0x00007ffe100b0000 - 0x00007ffe100c3000 	D:\Desenvolvimento\tool\ide\android studio\jre\jre\bin\nio.dll
0x00007ffe0f730000 - 0x00007ffe0f756000 	C:\Users\Rodrigo\.gradle\native\30\windows-amd64\native-platform.dll
0x00007ffe0f8e0000 - 0x00007ffe0f8ed000 	D:\Desenvolvimento\tool\ide\android studio\jre\jre\bin\management.dll
0x00007ffe20350000 - 0x00007ffe20383000 	C:\Windows\system32\rsaenh.dll
0x00007ffe21260000 - 0x00007ffe21286000 	C:\Windows\System32\bcrypt.dll
0x00007ffe20f50000 - 0x00007ffe20f75000 	C:\Windows\SYSTEM32\USERENV.dll
0x00007ffe20940000 - 0x00007ffe2094c000 	C:\Windows\SYSTEM32\CRYPTBASE.dll
0x00007ffe204e0000 - 0x00007ffe2051a000 	C:\Windows\SYSTEM32\IPHLPAPI.DLL
0x00007ffe23a00000 - 0x00007ffe23a08000 	C:\Windows\System32\NSI.dll
0x00007ffe1ae70000 - 0x00007ffe1ae86000 	C:\Windows\SYSTEM32\dhcpcsvc6.DLL
0x00007ffe1ade0000 - 0x00007ffe1adfc000 	C:\Windows\SYSTEM32\dhcpcsvc.DLL
0x00007ffe20520000 - 0x00007ffe205eb000 	C:\Windows\SYSTEM32\DNSAPI.dll

VM Arguments:
jvm_args: -Xmx1536M -Dfile.encoding=windows-1252 -Duser.country=BR -Duser.language=pt -Duser.variant 
java_command: org.gradle.launcher.daemon.bootstrap.GradleDaemon 5.6.2
java_class_path (initial): C:\Users\Rodrigo\.gradle\wrapper\dists\gradle-5.6.2-all\9st6wgf78h16so49nn74lgtbb\gradle-5.6.2\lib\gradle-launcher-5.6.2.jar
Launcher Type: SUN_STANDARD

Environment Variables:
JAVA_HOME=D:\Desenvolvimento\tool\ide\android studio\jre
CLASSPATH=D:\Desenvolvimento\sources\wesomma\android\\gradle\wrapper\gradle-wrapper.jar
PATH=C:\Program Files (x86)\Common Files\Oracle\Java\javapath;C:\Windows\system32;C:\Windows;C:\Windows\System32\Wbem;C:\Windows\System32\WindowsPowerShell\v1.0\;C:\Windows\System32\OpenSSH\;D:\Desenvolvimento\tool\Git\cmd;D:\Desenvolvimento\tool\java\jdk-11.0.8\bin;D:\Desenvolvimento\tool\flutter\.pub-cache\bin;D:\Desenvolvimento\tool\flutter\bin;D:\Desenvolvimento\tool\flutter\bin\cache\dart-sdk\bin;D:\Desenvolvimento\tool\ide\android studio\jre\bin;D:\Desenvolvimento\tool\apache-maven-3.6.3\bin;C:\Program Files\PuTTY\;C:\Users\Rodrigo\AppData\Local\Microsoft\WindowsApps;;D:\Desenvolvimento\tool\ide\Microsoft VS Code\bin
USERNAME=Rodrigo
OS=Windows_NT
PROCESSOR_IDENTIFIER=AMD64 Family 23 Model 113 Stepping 0, AuthenticAMD



---------------  S Y S T E M  ---------------

OS: Windows 10.0 , 64 bit Build 18362 (10.0.18362.1350)

CPU:total 12 (initial active 12) (12 cores per cpu, 1 threads per core) family 23 model 113 stepping 0, cmov, cx8, fxsr, mmx, sse, sse2, sse3, ssse3, sse4.1, sse4.2, popcnt, avx, avx2, aes, clmul, mmxext, 3dnowpref, lzcnt, sse4a, tsc, tscinvbit, tscinv, bmi1

Memory: 4k page, physical 16707012k(2526688k free), swap 31292856k(5532k free)

vm_info: OpenJDK 64-Bit Server VM (25.242-b01) for windows-amd64 JRE (1.8.0_242-release-1644-b01), built by "builder" with MS VC++ 10.0 (VS2010)

time: Thu Feb 18 18:14:05 2021
timezone: Hora oficial do Brasil
elapsed time: 5 seconds (0d 0h 0m 5s)

